<?xml version="1.0" encoding="utf-8"?><testsuites name="pytest tests"><testsuite name="pytest" errors="0" failures="0" skipped="0" tests="33" time="2.793" timestamp="2026-07-03T04:09:37.462437+00:00" hostname="agent-env-529eabba-de3f-4c90-9624-6a95a487e58b"><testcase classname="backend.tests.test_crop_trading.TestCropsList" name="test_basic_list_returns_listings_with_new_fields" time="0.169" /><testcase classname="backend.tests.test_crop_trading.TestCropsList" name="test_filter_by_grade" time="0.047" /><testcase classname="backend.tests.test_crop_trading.TestCropsList" name="test_filter_by_grade_export_quality" time="0.048" /><testcase classname="backend.tests.test_crop_trading.TestCropsList" name="test_filter_by_grade_organic" time="0.052" /><testcase classname="backend.tests.test_crop_trading.TestCropsList" name="test_price_range_filter" time="0.048" /><testcase classname="backend.tests.test_crop_trading.TestCropsList" name="test_search_q_basmati" time="0.048" /><testcase classname="backend.tests.test_crop_trading.TestCropsList" name="test_sort_price_asc" time="0.054" /><testcase classname="backend.tests.test_crop_trading.TestCropsList" name="test_sort_price_desc" time="0.047" /><testcase classname="backend.tests.test_crop_trading.TestCropsList" name="test_sort_harvest_recent" time="0.046" /><testcase classname="backend.tests.test_crop_trading.TestCropsList" name="test_filter_by_location" time="0.050" /><testcase classname="backend.tests.test_crop_trading.TestCropsList" name="test_category_filter" time="0.054" /><testcase classname="backend.tests.test_crop_trading.TestCropDetail" name="test_valid_listing_returns_full_detail_and_seller" time="0.098" /><testcase classname="backend.tests.test_crop_trading.TestCropDetail" name="test_invalid_listing_returns_404" time="0.049" /><testcase classname="backend.tests.test_crop_trading.TestCreateCropValidation" name="test_success_full_payload" time="0.372" /><testcase classname="backend.tests.test_crop_trading.TestCreateCropValidation" name="test_no_images_rejected" time="0.047" /><testcase classname="backend.tests.test_crop_trading.TestCreateCropValidation" name="test_future_harvest_date_rejected" time="0.047" /><testcase classname="backend.tests.test_crop_trading.TestCreateCropValidation" name="test_bad_harvest_date_format_rejected" time="0.052" /><testcase classname="backend.tests.test_crop_trading.TestCreateCropValidation" name="test_negative_price_rejected" time="0.047" /><testcase classname="backend.tests.test_crop_trading.TestCreateCropValidation" name="test_moq_zero_rejected" time="0.049" /><testcase classname="backend.tests.test_crop_trading.TestCreateCropValidation" name="test_available_less_than_moq_rejected" time="0.049" /><testcase classname="backend.tests.test_crop_trading.TestCreateCropValidation" name="test_invalid_grade_rejected" time="0.046" /><testcase classname="backend.tests.test_crop_trading.TestCreateCropValidation" name="test_short_crop_variety_rejected" time="0.048" /><testcase classname="backend.tests.test_crop_trading.TestCreateCropValidation" name="test_unauthenticated_create_rejected" time="0.051" /><testcase classname="backend.tests.test_crop_trading.TestInquiryFlow" name="test_inquiry_creates_thread_and_message_and_notification" time="0.244" /><testcase classname="backend.tests.test_crop_trading.TestInquiryFlow" name="test_inquiry_to_invalid_listing" time="0.048" /><testcase classname="backend.tests.test_crop_trading.TestInquiryFlow" name="test_inquiry_to_own_listing_rejected" time="0.096" /><testcase classname="backend.tests.test_crop_trading.TestInquiryFlow" name="test_inquiry_unauthenticated" time="0.042" /><testcase classname="backend.tests.test_crop_trading.TestSellerProfile" name="test_valid_seller_returns_profile" time="0.093" /><testcase classname="backend.tests.test_crop_trading.TestSellerProfile" name="test_invalid_seller_returns_404" time="0.051" /><testcase classname="backend.tests.test_crop_trading.TestRegressionQuick" name="test_dashboard_still_ok" time="0.060" /><testcase classname="backend.tests.test_crop_trading.TestRegressionQuick" name="test_products_still_ok" time="0.048" /><testcase classname="backend.tests.test_crop_trading.TestRegressionQuick" name="test_community_posts_still_ok" time="0.054" /><testcase classname="backend.tests.test_crop_trading.TestRegressionQuick" name="test_admin_stats_still_ok" time="0.318" /></testsuite></testsuites>