<?xml version="1.0" encoding="utf-8"?><testsuites name="pytest tests"><testsuite name="pytest" errors="0" failures="0" skipped="0" tests="47" time="13.652" timestamp="2026-07-02T17:53:38.539730+00:00" hostname="agent-env-529eabba-de3f-4c90-9624-6a95a487e58b"><testcase classname="backend.tests.test_cropido_backend.TestHealth" name="test_root" time="0.221" /><testcase classname="backend.tests.test_cropido_backend.TestWeather" name="test_weather_mumbai" time="0.584" /><testcase classname="backend.tests.test_cropido_backend.TestAuth" name="test_demo_login_returns_user" time="0.302" /><testcase classname="backend.tests.test_cropido_backend.TestAuth" name="test_invalid_login" time="0.295" /><testcase classname="backend.tests.test_cropido_backend.TestAuth" name="test_me" time="0.372" /><testcase classname="backend.tests.test_cropido_backend.TestStripePayments" name="test_checkout_subscription_returns_stripe_url" time="0.601" /><testcase classname="backend.tests.test_cropido_backend.TestStripePayments" name="test_checkout_subscription_invalid_plan" time="0.075" /><testcase classname="backend.tests.test_cropido_backend.TestStripePayments" name="test_checkout_subscription_requires_auth" time="0.077" /><testcase classname="backend.tests.test_cropido_backend.TestStripePayments" name="test_checkout_order_returns_stripe_url" time="0.510" /><testcase classname="backend.tests.test_cropido_backend.TestStripePayments" name="test_payment_status_pending" time="0.329" /><testcase classname="backend.tests.test_cropido_backend.TestStripePayments" name="test_payment_status_unknown_session" time="0.076" /><testcase classname="backend.tests.test_cropido_backend.TestAdmin" name="test_admin_stats_forbidden_for_non_admin" time="0.073" /><testcase classname="backend.tests.test_cropido_backend.TestAdmin" name="test_admin_stats_requires_auth" time="0.074" /><testcase classname="backend.tests.test_cropido_backend.TestAdmin" name="test_admin_stats" time="0.402" /><testcase classname="backend.tests.test_cropido_backend.TestAdmin" name="test_admin_users_list" time="0.076" /><testcase classname="backend.tests.test_cropido_backend.TestAdmin" name="test_admin_verify_user" time="0.236" /><testcase classname="backend.tests.test_cropido_backend.TestAdmin" name="test_admin_delete_product" time="0.305" /><testcase classname="backend.tests.test_cropido_backend.TestAdmin" name="test_admin_endpoints_forbidden_for_non_admin" time="0.079" /><testcase classname="backend.tests.test_cropido_backend.TestRegression" name="test_dashboard" time="0.077" /><testcase classname="backend.tests.test_cropido_backend.TestRegression" name="test_products_list" time="0.077" /><testcase classname="backend.tests.test_cropido_backend.TestRegression" name="test_crops_list" time="0.078" /><testcase classname="backend.tests.test_cropido_backend.TestRegression" name="test_equipment_list" time="0.075" /><testcase classname="backend.tests.test_cropido_backend.TestRegression" name="test_services_list" time="0.075" /><testcase classname="backend.tests.test_cropido_backend.TestRegression" name="test_community_posts" time="0.076" /><testcase classname="backend.tests.test_cropido_backend.TestRegression" name="test_knowledge_list" time="0.072" /><testcase classname="backend.tests.test_cropido_backend.TestRegression" name="test_businesses_list" time="0.075" /><testcase classname="backend.tests.test_cropido_backend.TestRegression" name="test_notifications" time="0.083" /><testcase classname="backend.tests.test_cropido_backend.TestRegression" name="test_subscriptions_plans" time="0.074" /><testcase classname="backend.tests.test_cropido_backend.TestRegression" name="test_payments_list" time="0.074" /><testcase classname="backend.tests.test_cropido_backend.TestRegression" name="test_ai_chat" time="1.802" /><testcase classname="backend.tests.test_cropido_backend.TestRazorpayCreateOrder" name="test_create_subscription_order_pro_farmer" time="1.014" /><testcase classname="backend.tests.test_cropido_backend.TestRazorpayCreateOrder" name="test_create_order_free_plan_rejected" time="0.076" /><testcase classname="backend.tests.test_cropido_backend.TestRazorpayCreateOrder" name="test_create_order_invalid_plan_rejected" time="0.074" /><testcase classname="backend.tests.test_cropido_backend.TestRazorpayCreateOrder" name="test_create_order_no_auth" time="0.074" /><testcase classname="backend.tests.test_cropido_backend.TestRazorpayCreateOrder" name="test_create_order_marketplace_missing" time="0.074" /><testcase classname="backend.tests.test_cropido_backend.TestRazorpayCreateOrder" name="test_create_order_marketplace_success" time="0.438" /><testcase classname="backend.tests.test_cropido_backend.TestRazorpayStatus" name="test_status_unknown_token" time="0.075" /><testcase classname="backend.tests.test_cropido_backend.TestRazorpayStatus" name="test_status_no_auth" time="0.079" /><testcase classname="backend.tests.test_cropido_backend.TestRazorpayStatus" name="test_status_wrong_user_returns_404" time="0.428" /><testcase classname="backend.tests.test_cropido_backend.TestRazorpayCheckoutPage" name="test_checkout_html_public" time="0.561" /><testcase classname="backend.tests.test_cropido_backend.TestRazorpayCheckoutPage" name="test_checkout_html_unknown_token" time="0.136" /><testcase classname="backend.tests.test_cropido_backend.TestRazorpayVerify" name="test_verify_wrong_signature_returns_400" time="0.534" /><testcase classname="backend.tests.test_cropido_backend.TestRazorpayVerify" name="test_verify_valid_signature_upgrades_subscription" time="0.661" /><testcase classname="backend.tests.test_cropido_backend.TestRazorpayVerify" name="test_verify_no_auth" time="0.414" /><testcase classname="backend.tests.test_cropido_backend.TestRazorpayVerify" name="test_verify_public_wrong_signature" time="0.567" /><testcase classname="backend.tests.test_cropido_backend.TestRazorpayVerify" name="test_verify_public_valid_signature" time="0.625" /><testcase classname="backend.tests.test_cropido_backend.TestRazorpayNoIdLeak" name="test_no_id_in_create_and_status" time="0.420" /></testsuite></testsuites>