<?xml version="1.0" encoding="utf-8"?><testsuites name="pytest tests"><testsuite name="pytest" errors="0" failures="1" skipped="0" tests="80" time="22.122" timestamp="2026-07-03T04:09:45.602777+00:00" hostname="agent-env-529eabba-de3f-4c90-9624-6a95a487e58b"><testcase classname="backend.tests.test_crop_trading.TestCropsList" name="test_basic_list_returns_listings_with_new_fields" time="0.156" /><testcase classname="backend.tests.test_crop_trading.TestCropsList" name="test_filter_by_grade" time="0.043" /><testcase classname="backend.tests.test_crop_trading.TestCropsList" name="test_filter_by_grade_export_quality" time="0.079" /><testcase classname="backend.tests.test_crop_trading.TestCropsList" name="test_filter_by_grade_organic" time="0.044" /><testcase classname="backend.tests.test_crop_trading.TestCropsList" name="test_price_range_filter" time="0.047" /><testcase classname="backend.tests.test_crop_trading.TestCropsList" name="test_search_q_basmati" time="0.048" /><testcase classname="backend.tests.test_crop_trading.TestCropsList" name="test_sort_price_asc" time="0.046" /><testcase classname="backend.tests.test_crop_trading.TestCropsList" name="test_sort_price_desc" time="0.044" /><testcase classname="backend.tests.test_crop_trading.TestCropsList" name="test_sort_harvest_recent" time="0.044" /><testcase classname="backend.tests.test_crop_trading.TestCropsList" name="test_filter_by_location" time="0.042" /><testcase classname="backend.tests.test_crop_trading.TestCropsList" name="test_category_filter" time="0.042" /><testcase classname="backend.tests.test_crop_trading.TestCropDetail" name="test_valid_listing_returns_full_detail_and_seller" time="0.092" /><testcase classname="backend.tests.test_crop_trading.TestCropDetail" name="test_invalid_listing_returns_404" time="0.042" /><testcase classname="backend.tests.test_crop_trading.TestCreateCropValidation" name="test_success_full_payload" time="0.355" /><testcase classname="backend.tests.test_crop_trading.TestCreateCropValidation" name="test_no_images_rejected" time="0.044" /><testcase classname="backend.tests.test_crop_trading.TestCreateCropValidation" name="test_future_harvest_date_rejected" time="0.043" /><testcase classname="backend.tests.test_crop_trading.TestCreateCropValidation" name="test_bad_harvest_date_format_rejected" time="0.042" /><testcase classname="backend.tests.test_crop_trading.TestCreateCropValidation" name="test_negative_price_rejected" time="0.043" /><testcase classname="backend.tests.test_crop_trading.TestCreateCropValidation" name="test_moq_zero_rejected" time="0.043" /><testcase classname="backend.tests.test_crop_trading.TestCreateCropValidation" name="test_available_less_than_moq_rejected" time="0.044" /><testcase classname="backend.tests.test_crop_trading.TestCreateCropValidation" name="test_invalid_grade_rejected" time="0.047" /><testcase classname="backend.tests.test_crop_trading.TestCreateCropValidation" name="test_short_crop_variety_rejected" time="0.046" /><testcase classname="backend.tests.test_crop_trading.TestCreateCropValidation" name="test_unauthenticated_create_rejected" time="0.041" /><testcase classname="backend.tests.test_crop_trading.TestInquiryFlow" name="test_inquiry_creates_thread_and_message_and_notification" time="0.233" /><testcase classname="backend.tests.test_crop_trading.TestInquiryFlow" name="test_inquiry_to_invalid_listing" time="0.042" /><testcase classname="backend.tests.test_crop_trading.TestInquiryFlow" name="test_inquiry_to_own_listing_rejected" time="0.086" /><testcase classname="backend.tests.test_crop_trading.TestInquiryFlow" name="test_inquiry_unauthenticated" time="0.045" /><testcase classname="backend.tests.test_crop_trading.TestSellerProfile" name="test_valid_seller_returns_profile" time="0.089" /><testcase classname="backend.tests.test_crop_trading.TestSellerProfile" name="test_invalid_seller_returns_404" time="0.045" /><testcase classname="backend.tests.test_crop_trading.TestRegressionQuick" name="test_dashboard_still_ok" time="0.045" /><testcase classname="backend.tests.test_crop_trading.TestRegressionQuick" name="test_products_still_ok" time="0.045" /><testcase classname="backend.tests.test_crop_trading.TestRegressionQuick" name="test_community_posts_still_ok" time="0.051" /><testcase classname="backend.tests.test_crop_trading.TestRegressionQuick" name="test_admin_stats_still_ok" time="0.312" /><testcase classname="backend.tests.test_cropido_backend.TestHealth" name="test_root" time="0.136" /><testcase classname="backend.tests.test_cropido_backend.TestWeather" name="test_weather_mumbai" time="8.220"><failure message="AssertionError: &lt;!DOCTYPE html&gt;&#10;  &lt;!--[if lt IE 7]&gt; &lt;html class=&quot;no-js ie6 oldie&quot; lang=&quot;en-US&quot;&gt; &lt;![endif]--&gt;&#10;  &lt;!--[if IE 7]&gt;    &lt;html class=&quot;no-js ie7 oldie&quot; lang=&quot;en-US&quot;&gt; &lt;![endif]--&gt;&#10;  &lt;!--[if IE 8]&gt;    &lt;html class=&quot;no-js ie8 oldie&quot; lang=&quot;en-US&quot;&gt; &lt;![endif]--&gt;&#10;  &lt;!--[if gt IE 8]&gt;&lt;!--&gt; &lt;html class=&quot;no-js&quot; lang=&quot;en-US&quot;&gt; &lt;!--&lt;![endif]--&gt;&#10;  &lt;head&gt;&#10;  &#10;  &lt;title&gt;preview.emergentagent.com | 502: Bad gateway&lt;/title&gt;&#10;  &lt;meta charset=&quot;UTF-8&quot; /&gt;&#10;  &lt;meta http-equiv=&quot;Content-Type&quot; content=&quot;text/html; charset=UTF-8&quot; /&gt;&#10;  &lt;meta http-equiv=&quot;X-UA-Compatible&quot; content=&quot;IE=Edge&quot; /&gt;&#10;  &lt;meta name=&quot;robots&quot; content=&quot;noindex, nofollow&quot; /&gt;&#10;  &lt;meta name=&quot;viewport&quot; content=&quot;width=device-width,initial-scale=1&quot; /&gt;&#10;  &lt;link rel=&quot;stylesheet&quot; id=&quot;cf_styles-css&quot; href=&quot;/cdn-cgi/styles/main.css&quot; /&gt;&#10;  &lt;/head&gt;&#10;  &lt;body&gt;&#10;  &lt;div id=&quot;cf-wrapper&quot;&gt;&#10;      &lt;div id=&quot;cf-error-details&quot; class=&quot;p-0&quot;&gt;&#10;          &lt;header class=&quot;mx-auto pt-10 lg:pt-6 lg:px-8 w-240 lg:w-full mb-8&quot;&gt;&#10;              &lt;h1 class=&quot;inline-block sm:block sm:mb-2 font-light text-60 lg:text-4xl text-black-dark leading-tight mr-2&quot;&gt;&#10;                  &lt;span class=&quot;inline-block&quot;&gt;Bad gateway&lt;/span&gt;&#10;                  &lt;span class=&quot;code-label&quot;&gt;Error code 502&lt;/span&gt;&#10;              &lt;/h1&gt;&#10;              &lt;div&gt;&#10;                  Visit &lt;a href=&quot;https://www.cloudflare.com/5xx-error-landing?utm_source=errorcode_502&amp;utm_campaign=agri-marketplace-144.cluster-2.preview.emergentcf.cloud&quot; target=&quot;_blank&quot; rel=&quot;noopener noreferrer&quot;&gt;cloudflare.com&lt;/a&gt; for more information.&#10;              &lt;/div&gt;&#10;              &lt;div class=&quot;mt-3&quot;&gt;2026-07-03 04:09:56 UTC&lt;/div&gt;&#10;          &lt;/header&gt;&#10;          &lt;div class=&quot;my-8 bg-gradient-gray&quot;&gt;&#10;              &lt;div class=&quot;w-240 lg:w-full mx-auto&quot;&gt;&#10;                  &lt;div class=&quot;clearfix md:px-8&quot;&gt;&#10;                      &lt;div id=&quot;cf-browser-status&quot; class=&quot; relative w-1/3 md:w-full py-15 md:p-0 md:py-8 md:text-left md:border-solid md:border-0 md:border-b md:border-gray-400 overflow-hidden float-left md:float-none text-center&quot;&gt;&#10;    &lt;div class=&quot;relative mb-10 md:m-0&quot;&gt;&#10;      &#10;      &lt;span class=&quot;cf-icon-browser block md:hidden h-20 bg-center bg-no-repeat&quot;&gt;&lt;/span&gt;&#10;      &lt;span class=&quot;cf-icon-ok w-12 h-12 absolute left-1/2 md:left-auto md:right-0 md:top-0 -ml-6 -bottom-4&quot;&gt;&lt;/span&gt;&#10;      &#10;    &lt;/div&gt;&#10;    &lt;span class=&quot;md:block w-full truncate&quot;&gt;You&lt;/span&gt;&#10;    &lt;h3 class=&quot;md:inline-block mt-3 md:mt-0 text-2xl text-gray-600 font-light leading-1.3&quot;&gt;&#10;    &#10;      Browser&#10;    &#10;    &lt;/h3&gt;&#10;    &#10;    &lt;span class=&quot;leading-1.3 text-2xl text-green-success&quot;&gt;Working&lt;/span&gt;&#10;    &#10;  &lt;/div&gt;&#10;                      &lt;div id=&quot;cf-cloudflare-status&quot; class=&quot; relative w-1/3 md:w-full py-15 md:p-0 md:py-8 md:text-left md:border-solid md:border-0 md:border-b md:border-gray-400 overflow-hidden float-left md:float-none text-center&quot;&gt;&#10;    &lt;div class=&quot;relative mb-10 md:m-0&quot;&gt;&#10;      &lt;a href=&quot;https://www.cloudflare.com/5xx-error-landing?utm_source=errorcode_502&amp;#38;utm_campaign=agri-marketplace-144.cluster-2.preview.emergentcf.cloud&quot; target=&quot;_blank&quot; rel=&quot;noopener noreferrer&quot;&gt;&#10;      &lt;span class=&quot;cf-icon-cloud block md:hidden h-20 bg-center bg-no-repeat&quot;&gt;&lt;/span&gt;&#10;      &lt;span class=&quot;cf-icon-ok w-12 h-12 absolute left-1/2 md:left-auto md:right-0 md:top-0 -ml-6 -bottom-4&quot;&gt;&lt;/span&gt;&#10;      &lt;/a&gt;&#10;    &lt;/div&gt;&#10;    &lt;span class=&quot;md:block w-full truncate&quot;&gt;Chicago&lt;/span&gt;&#10;    &lt;h3 class=&quot;md:inline-block mt-3 md:mt-0 text-2xl text-gray-600 font-light leading-1.3&quot;&gt;&#10;    &lt;a href=&quot;https://www.cloudflare.com/5xx-error-landing?utm_source=errorcode_502&amp;utm_campaign=agri-marketplace-144.cluster-2.preview.emergentcf.cloud&quot; target=&quot;_blank&quot; rel=&quot;noopener noreferrer&quot;&gt;&#10;      Cloudflare&#10;    &lt;/a&gt;&#10;    &lt;/h3&gt;&#10;    &#10;    &lt;span class=&quot;leading-1.3 text-2xl text-green-success&quot;&gt;Working&lt;/span&gt;&#10;    &#10;  &lt;/div&gt;&#10;                      &lt;div id=&quot;cf-host-status&quot; class=&quot;cf-error-source relative w-1/3 md:w-full py-15 md:p-0 md:py-8 md:text-left md:border-solid md:border-0 md:border-b md:border-gray-400 overflow-hidden float-left md:float-none text-center&quot;&gt;&#10;    &lt;div class=&quot;relative mb-10 md:m-0&quot;&gt;&#10;      &#10;      &lt;span class=&quot;cf-icon-server block md:hidden h-20 bg-center bg-no-repeat&quot;&gt;&lt;/span&gt;&#10;      &lt;span class=&quot;cf-icon-error w-12 h-12 absolute left-1/2 md:left-auto md:right-0 md:top-0 -ml-6 -bottom-4&quot;&gt;&lt;/span&gt;&#10;      &#10;    &lt;/div&gt;&#10;    &lt;span class=&quot;md:block w-full truncate&quot;&gt;agri-marketplace-144.cluster-2.preview.emergentcf.cloud&lt;/span&gt;&#10;    &lt;h3 class=&quot;md:inline-block mt-3 md:mt-0 text-2xl text-gray-600 font-light leading-1.3&quot;&gt;&#10;    &#10;      Host&#10;    &#10;    &lt;/h3&gt;&#10;    &#10;    &lt;span class=&quot;leading-1.3 text-2xl text-red-error&quot;&gt;Error&lt;/span&gt;&#10;    &#10;  &lt;/div&gt;&#10;                  &lt;/div&gt;&#10;              &lt;/div&gt;&#10;          &lt;/div&gt;&#10;  &#10;          &lt;div class=&quot;w-240 lg:w-full mx-auto mb-8 lg:px-8&quot;&gt;&#10;              &lt;div class=&quot;clearfix&quot;&gt;&#10;                  &lt;div class=&quot;w-1/2 md:w-full float-left pr-6 md:pb-10 md:pr-0 leading-relaxed&quot;&gt;&#10;                      &lt;h2 class=&quot;text-3xl font-normal leading-1.3 mb-4&quot;&gt;What happened?&lt;/h2&gt;&#10;                      &lt;p&gt;The web server reported a bad gateway error.&lt;/p&gt;&#10;                  &lt;/div&gt;&#10;                  &lt;div class=&quot;w-1/2 md:w-full float-left leading-relaxed&quot;&gt;&#10;                      &lt;h2 class=&quot;text-3xl font-normal leading-1.3 mb-4&quot;&gt;What can I do?&lt;/h2&gt;&#10;                      &lt;p class=&quot;mb-6&quot;&gt;Please try again in a few minutes.&lt;/p&gt;&#10;                  &lt;/div&gt;&#10;              &lt;/div&gt;&#10;          &lt;/div&gt;&#10;  &#10;          &lt;div class=&quot;cf-error-footer cf-wrapper w-240 lg:w-full py-10 sm:py-4 sm:px-8 mx-auto text-center sm:text-left border-solid border-0 border-t border-gray-300&quot;&gt;&#10;      &lt;p class=&quot;text-13&quot;&gt;&#10;        &lt;span class=&quot;cf-footer-item sm:block sm:mb-1&quot;&gt;Cloudflare Ray ID: &lt;strong class=&quot;font-semibold&quot;&gt;a153096d9b981151&lt;/strong&gt;&lt;/span&gt;&#10;        &lt;span class=&quot;cf-footer-separator sm:hidden&quot;&gt;&amp;bull;&lt;/span&gt;&#10;        &lt;span id=&quot;cf-footer-item-ip&quot; class=&quot;cf-footer-item hidden sm:block sm:mb-1&quot;&gt;&#10;          Your IP:&#10;          &lt;button type=&quot;button&quot; id=&quot;cf-footer-ip-reveal&quot; class=&quot;cf-footer-ip-reveal-btn&quot;&gt;Click to reveal&lt;/button&gt;&#10;          &lt;span class=&quot;hidden&quot; id=&quot;cf-footer-ip&quot;&gt;104.198.214.223&lt;/span&gt;&#10;          &lt;span class=&quot;cf-footer-separator sm:hidden&quot;&gt;&amp;bull;&lt;/span&gt;&#10;        &lt;/span&gt;&#10;        &lt;span class=&quot;cf-footer-item sm:block sm:mb-1&quot;&gt;&lt;span&gt;Performance &amp;amp; security by&lt;/span&gt; &lt;a rel=&quot;noopener noreferrer&quot; href=&quot;https://www.cloudflare.com/5xx-error-landing?utm_source=errorcode_502&amp;#38;utm_campaign=agri-marketplace-144.cluster-2.preview.emergentcf.cloud&quot; id=&quot;brand_link&quot; target=&quot;_blank&quot;&gt;Cloudflare&lt;/a&gt;&lt;/span&gt;&#10;        &#10;      &lt;/p&gt;&#10;      &lt;script&gt;(function(){function d(){var b=a.getElementById(&quot;cf-footer-item-ip&quot;),c=a.getElementById(&quot;cf-footer-ip-reveal&quot;);b&amp;&amp;&quot;classList&quot;in b&amp;&amp;(b.classList.remove(&quot;hidden&quot;),c.addEventListener(&quot;click&quot;,function(){c.classList.add(&quot;hidden&quot;);a.getElementById(&quot;cf-footer-ip&quot;).classList.remove(&quot;hidden&quot;)}))}var a=document;document.addEventListener&amp;&amp;a.addEventListener(&quot;DOMContentLoaded&quot;,d)})();&lt;/script&gt;&#10;    &lt;/div&gt;&lt;!-- /.error-footer --&gt;&#10;  &#10;      &lt;/div&gt;&#10;  &lt;/div&gt;&#10;  &lt;script&gt;(function(){function c(){var b=a.contentDocument||a.contentWindow.document;if(b){var d=b.createElement('script');d.innerHTML=&quot;window.__CF$cv$params={r:'a153096d7ac01151',t:'MTc4MzA1MTc4OA=='};var a=document.createElement('script');a.src='/cdn-cgi/challenge-platform/scripts/jsd/main.js';document.getElementsByTagName('head')[0].appendChild(a);&quot;;b.getElementsByTagName('head')[0].appendChild(d)}}if(document.body){var a=document.createElement('iframe');a.height=1;a.width=1;a.style.position='absolute';a.style.top=0;a.style.left=0;a.style.border='none';a.style.visibility='hidden';document.body.appendChild(a);if('loading'!==document.readyState)c();else if(window.addEventListener)document.addEventListener('DOMContentLoaded',c);else{var e=document.onreadystatechange||function(){};document.onreadystatechange=function(b){e(b);'loading'!==document.readyState&amp;&amp;(document.onreadystatechange=e,c())}}}})();&lt;/script&gt;&lt;/body&gt;&#10;  &lt;/html&gt;&#10;assert 502 == 200&#10; +  where 502 = &lt;Response [502]&gt;.status_code">E   AssertionError: &lt;!DOCTYPE html&gt;
      &lt;!--[if lt IE 7]&gt; &lt;html class="no-js ie6 oldie" lang="en-US"&gt; &lt;![endif]--&gt;
      &lt;!--[if IE 7]&gt;    &lt;html class="no-js ie7 oldie" lang="en-US"&gt; &lt;![endif]--&gt;
      &lt;!--[if IE 8]&gt;    &lt;html class="no-js ie8 oldie" lang="en-US"&gt; &lt;![endif]--&gt;
      &lt;!--[if gt IE 8]&gt;&lt;!--&gt; &lt;html class="no-js" lang="en-US"&gt; &lt;!--&lt;![endif]--&gt;
      &lt;head&gt;
      
      &lt;title&gt;preview.emergentagent.com | 502: Bad gateway&lt;/title&gt;
      &lt;meta charset="UTF-8" /&gt;
      &lt;meta http-equiv="Content-Type" content="text/html; charset=UTF-8" /&gt;
      &lt;meta http-equiv="X-UA-Compatible" content="IE=Edge" /&gt;
      &lt;meta name="robots" content="noindex, nofollow" /&gt;
      &lt;meta name="viewport" content="width=device-width,initial-scale=1" /&gt;
      &lt;link rel="stylesheet" id="cf_styles-css" href="/cdn-cgi/styles/main.css" /&gt;
      &lt;/head&gt;
      &lt;body&gt;
      &lt;div id="cf-wrapper"&gt;
          &lt;div id="cf-error-details" class="p-0"&gt;
              &lt;header class="mx-auto pt-10 lg:pt-6 lg:px-8 w-240 lg:w-full mb-8"&gt;
                  &lt;h1 class="inline-block sm:block sm:mb-2 font-light text-60 lg:text-4xl text-black-dark leading-tight mr-2"&gt;
                      &lt;span class="inline-block"&gt;Bad gateway&lt;/span&gt;
                      &lt;span class="code-label"&gt;Error code 502&lt;/span&gt;
                  &lt;/h1&gt;
                  &lt;div&gt;
                      Visit &lt;a href="https://www.cloudflare.com/5xx-error-landing?utm_source=errorcode_502&amp;utm_campaign=agri-marketplace-144.cluster-2.preview.emergentcf.cloud" target="_blank" rel="noopener noreferrer"&gt;cloudflare.com&lt;/a&gt; for more information.
                  &lt;/div&gt;
                  &lt;div class="mt-3"&gt;2026-07-03 04:09:56 UTC&lt;/div&gt;
              &lt;/header&gt;
              &lt;div class="my-8 bg-gradient-gray"&gt;
                  &lt;div class="w-240 lg:w-full mx-auto"&gt;
                      &lt;div class="clearfix md:px-8"&gt;
                          &lt;div id="cf-browser-status" class=" relative w-1/3 md:w-full py-15 md:p-0 md:py-8 md:text-left md:border-solid md:border-0 md:border-b md:border-gray-400 overflow-hidden float-left md:float-none text-center"&gt;
        &lt;div class="relative mb-10 md:m-0"&gt;
          
          &lt;span class="cf-icon-browser block md:hidden h-20 bg-center bg-no-repeat"&gt;&lt;/span&gt;
          &lt;span class="cf-icon-ok w-12 h-12 absolute left-1/2 md:left-auto md:right-0 md:top-0 -ml-6 -bottom-4"&gt;&lt;/span&gt;
          
        &lt;/div&gt;
        &lt;span class="md:block w-full truncate"&gt;You&lt;/span&gt;
        &lt;h3 class="md:inline-block mt-3 md:mt-0 text-2xl text-gray-600 font-light leading-1.3"&gt;
        
          Browser
        
        &lt;/h3&gt;
        
        &lt;span class="leading-1.3 text-2xl text-green-success"&gt;Working&lt;/span&gt;
        
      &lt;/div&gt;
                          &lt;div id="cf-cloudflare-status" class=" relative w-1/3 md:w-full py-15 md:p-0 md:py-8 md:text-left md:border-solid md:border-0 md:border-b md:border-gray-400 overflow-hidden float-left md:float-none text-center"&gt;
        &lt;div class="relative mb-10 md:m-0"&gt;
          &lt;a href="https://www.cloudflare.com/5xx-error-landing?utm_source=errorcode_502&amp;#38;utm_campaign=agri-marketplace-144.cluster-2.preview.emergentcf.cloud" target="_blank" rel="noopener noreferrer"&gt;
          &lt;span class="cf-icon-cloud block md:hidden h-20 bg-center bg-no-repeat"&gt;&lt;/span&gt;
          &lt;span class="cf-icon-ok w-12 h-12 absolute left-1/2 md:left-auto md:right-0 md:top-0 -ml-6 -bottom-4"&gt;&lt;/span&gt;
          &lt;/a&gt;
        &lt;/div&gt;
        &lt;span class="md:block w-full truncate"&gt;Chicago&lt;/span&gt;
        &lt;h3 class="md:inline-block mt-3 md:mt-0 text-2xl text-gray-600 font-light leading-1.3"&gt;
        &lt;a href="https://www.cloudflare.com/5xx-error-landing?utm_source=errorcode_502&amp;utm_campaign=agri-marketplace-144.cluster-2.preview.emergentcf.cloud" target="_blank" rel="noopener noreferrer"&gt;
          Cloudflare
        &lt;/a&gt;
        &lt;/h3&gt;
        
        &lt;span class="leading-1.3 text-2xl text-green-success"&gt;Working&lt;/span&gt;
        
      &lt;/div&gt;
                          &lt;div id="cf-host-status" class="cf-error-source relative w-1/3 md:w-full py-15 md:p-0 md:py-8 md:text-left md:border-solid md:border-0 md:border-b md:border-gray-400 overflow-hidden float-left md:float-none text-center"&gt;
        &lt;div class="relative mb-10 md:m-0"&gt;
          
          &lt;span class="cf-icon-server block md:hidden h-20 bg-center bg-no-repeat"&gt;&lt;/span&gt;
          &lt;span class="cf-icon-error w-12 h-12 absolute left-1/2 md:left-auto md:right-0 md:top-0 -ml-6 -bottom-4"&gt;&lt;/span&gt;
          
        &lt;/div&gt;
        &lt;span class="md:block w-full truncate"&gt;agri-marketplace-144.cluster-2.preview.emergentcf.cloud&lt;/span&gt;
        &lt;h3 class="md:inline-block mt-3 md:mt-0 text-2xl text-gray-600 font-light leading-1.3"&gt;
        
          Host
        
        &lt;/h3&gt;
        
        &lt;span class="leading-1.3 text-2xl text-red-error"&gt;Error&lt;/span&gt;
        
      &lt;/div&gt;
                      &lt;/div&gt;
                  &lt;/div&gt;
              &lt;/div&gt;
      
              &lt;div class="w-240 lg:w-full mx-auto mb-8 lg:px-8"&gt;
                  &lt;div class="clearfix"&gt;
                      &lt;div class="w-1/2 md:w-full float-left pr-6 md:pb-10 md:pr-0 leading-relaxed"&gt;
                          &lt;h2 class="text-3xl font-normal leading-1.3 mb-4"&gt;What happened?&lt;/h2&gt;
                          &lt;p&gt;The web server reported a bad gateway error.&lt;/p&gt;
                      &lt;/div&gt;
                      &lt;div class="w-1/2 md:w-full float-left leading-relaxed"&gt;
                          &lt;h2 class="text-3xl font-normal leading-1.3 mb-4"&gt;What can I do?&lt;/h2&gt;
                          &lt;p class="mb-6"&gt;Please try again in a few minutes.&lt;/p&gt;
                      &lt;/div&gt;
                  &lt;/div&gt;
              &lt;/div&gt;
      
              &lt;div class="cf-error-footer cf-wrapper w-240 lg:w-full py-10 sm:py-4 sm:px-8 mx-auto text-center sm:text-left border-solid border-0 border-t border-gray-300"&gt;
          &lt;p class="text-13"&gt;
            &lt;span class="cf-footer-item sm:block sm:mb-1"&gt;Cloudflare Ray ID: &lt;strong class="font-semibold"&gt;a153096d9b981151&lt;/strong&gt;&lt;/span&gt;
            &lt;span class="cf-footer-separator sm:hidden"&gt;&amp;bull;&lt;/span&gt;
            &lt;span id="cf-footer-item-ip" class="cf-footer-item hidden sm:block sm:mb-1"&gt;
              Your IP:
              &lt;button type="button" id="cf-footer-ip-reveal" class="cf-footer-ip-reveal-btn"&gt;Click to reveal&lt;/button&gt;
              &lt;span class="hidden" id="cf-footer-ip"&gt;104.198.214.223&lt;/span&gt;
              &lt;span class="cf-footer-separator sm:hidden"&gt;&amp;bull;&lt;/span&gt;
            &lt;/span&gt;
            &lt;span class="cf-footer-item sm:block sm:mb-1"&gt;&lt;span&gt;Performance &amp;amp; security by&lt;/span&gt; &lt;a rel="noopener noreferrer" href="https://www.cloudflare.com/5xx-error-landing?utm_source=errorcode_502&amp;#38;utm_campaign=agri-marketplace-144.cluster-2.preview.emergentcf.cloud" id="brand_link" target="_blank"&gt;Cloudflare&lt;/a&gt;&lt;/span&gt;
            
          &lt;/p&gt;
          &lt;script&gt;(function(){function d(){var b=a.getElementById("cf-footer-item-ip"),c=a.getElementById("cf-footer-ip-reveal");b&amp;&amp;"classList"in b&amp;&amp;(b.classList.remove("hidden"),c.addEventListener("click",function(){c.classList.add("hidden");a.getElementById("cf-footer-ip").classList.remove("hidden")}))}var a=document;document.addEventListener&amp;&amp;a.addEventListener("DOMContentLoaded",d)})();&lt;/script&gt;
        &lt;/div&gt;&lt;!-- /.error-footer --&gt;
      
          &lt;/div&gt;
      &lt;/div&gt;
      &lt;script&gt;(function(){function c(){var b=a.contentDocument||a.contentWindow.document;if(b){var d=b.createElement('script');d.innerHTML="window.__CF$cv$params={r:'a153096d7ac01151',t:'MTc4MzA1MTc4OA=='};var a=document.createElement('script');a.src='/cdn-cgi/challenge-platform/scripts/jsd/main.js';document.getElementsByTagName('head')[0].appendChild(a);";b.getElementsByTagName('head')[0].appendChild(d)}}if(document.body){var a=document.createElement('iframe');a.height=1;a.width=1;a.style.position='absolute';a.style.top=0;a.style.left=0;a.style.border='none';a.style.visibility='hidden';document.body.appendChild(a);if('loading'!==document.readyState)c();else if(window.addEventListener)document.addEventListener('DOMContentLoaded',c);else{var e=document.onreadystatechange||function(){};document.onreadystatechange=function(b){e(b);'loading'!==document.readyState&amp;&amp;(document.onreadystatechange=e,c())}}}})();&lt;/script&gt;&lt;/body&gt;
      &lt;/html&gt;
    assert 502 == 200
     +  where 502 = &lt;Response [502]&gt;.status_code</failure></testcase><testcase classname="backend.tests.test_cropido_backend.TestAuth" name="test_demo_login_returns_user" time="0.271" /><testcase classname="backend.tests.test_cropido_backend.TestAuth" name="test_invalid_login" time="0.269" /><testcase classname="backend.tests.test_cropido_backend.TestAuth" name="test_me" time="0.313" /><testcase classname="backend.tests.test_cropido_backend.TestStripePayments" name="test_checkout_subscription_returns_stripe_url" time="0.649" /><testcase classname="backend.tests.test_cropido_backend.TestStripePayments" name="test_checkout_subscription_invalid_plan" time="0.050" /><testcase classname="backend.tests.test_cropido_backend.TestStripePayments" name="test_checkout_subscription_requires_auth" time="0.048" /><testcase classname="backend.tests.test_cropido_backend.TestStripePayments" name="test_checkout_order_returns_stripe_url" time="0.476" /><testcase classname="backend.tests.test_cropido_backend.TestStripePayments" name="test_payment_status_pending" time="0.347" /><testcase classname="backend.tests.test_cropido_backend.TestStripePayments" name="test_payment_status_unknown_session" time="0.049" /><testcase classname="backend.tests.test_cropido_backend.TestAdmin" name="test_admin_stats_forbidden_for_non_admin" time="0.050" /><testcase classname="backend.tests.test_cropido_backend.TestAdmin" name="test_admin_stats_requires_auth" time="0.045" /><testcase classname="backend.tests.test_cropido_backend.TestAdmin" name="test_admin_stats" time="0.317" /><testcase classname="backend.tests.test_cropido_backend.TestAdmin" name="test_admin_users_list" time="0.048" /><testcase classname="backend.tests.test_cropido_backend.TestAdmin" name="test_admin_verify_user" time="0.142" /><testcase classname="backend.tests.test_cropido_backend.TestAdmin" name="test_admin_delete_product" time="0.190" /><testcase classname="backend.tests.test_cropido_backend.TestAdmin" name="test_admin_endpoints_forbidden_for_non_admin" time="0.045" /><testcase classname="backend.tests.test_cropido_backend.TestRegression" name="test_dashboard" time="0.051" /><testcase classname="backend.tests.test_cropido_backend.TestRegression" name="test_products_list" time="0.049" /><testcase classname="backend.tests.test_cropido_backend.TestRegression" name="test_crops_list" time="0.047" /><testcase classname="backend.tests.test_cropido_backend.TestRegression" name="test_equipment_list" time="0.054" /><testcase classname="backend.tests.test_cropido_backend.TestRegression" name="test_services_list" time="0.047" /><testcase classname="backend.tests.test_cropido_backend.TestRegression" name="test_community_posts" time="0.052" /><testcase classname="backend.tests.test_cropido_backend.TestRegression" name="test_knowledge_list" time="0.048" /><testcase classname="backend.tests.test_cropido_backend.TestRegression" name="test_businesses_list" time="0.050" /><testcase classname="backend.tests.test_cropido_backend.TestRegression" name="test_notifications" time="0.052" /><testcase classname="backend.tests.test_cropido_backend.TestRegression" name="test_subscriptions_plans" time="0.048" /><testcase classname="backend.tests.test_cropido_backend.TestRegression" name="test_payments_list" time="0.050" /><testcase classname="backend.tests.test_cropido_backend.TestRegression" name="test_ai_chat" time="1.879" /><testcase classname="backend.tests.test_cropido_backend.TestRazorpayCreateOrder" name="test_create_subscription_order_pro_farmer" time="1.055" /><testcase classname="backend.tests.test_cropido_backend.TestRazorpayCreateOrder" name="test_create_order_free_plan_rejected" time="0.047" /><testcase classname="backend.tests.test_cropido_backend.TestRazorpayCreateOrder" name="test_create_order_invalid_plan_rejected" time="0.048" /><testcase classname="backend.tests.test_cropido_backend.TestRazorpayCreateOrder" name="test_create_order_no_auth" time="0.049" /><testcase classname="backend.tests.test_cropido_backend.TestRazorpayCreateOrder" name="test_create_order_marketplace_missing" time="0.055" /><testcase classname="backend.tests.test_cropido_backend.TestRazorpayCreateOrder" name="test_create_order_marketplace_success" time="0.396" /><testcase classname="backend.tests.test_cropido_backend.TestRazorpayStatus" name="test_status_unknown_token" time="0.049" /><testcase classname="backend.tests.test_cropido_backend.TestRazorpayStatus" name="test_status_no_auth" time="0.051" /><testcase classname="backend.tests.test_cropido_backend.TestRazorpayStatus" name="test_status_wrong_user_returns_404" time="0.444" /><testcase classname="backend.tests.test_cropido_backend.TestRazorpayCheckoutPage" name="test_checkout_html_public" time="0.480" /><testcase classname="backend.tests.test_cropido_backend.TestRazorpayCheckoutPage" name="test_checkout_html_unknown_token" time="0.104" /><testcase classname="backend.tests.test_cropido_backend.TestRazorpayVerify" name="test_verify_wrong_signature_returns_400" time="0.415" /><testcase classname="backend.tests.test_cropido_backend.TestRazorpayVerify" name="test_verify_valid_signature_upgrades_subscription" time="0.520" /><testcase classname="backend.tests.test_cropido_backend.TestRazorpayVerify" name="test_verify_no_auth" time="0.348" /><testcase classname="backend.tests.test_cropido_backend.TestRazorpayVerify" name="test_verify_public_wrong_signature" time="0.451" /><testcase classname="backend.tests.test_cropido_backend.TestRazorpayVerify" name="test_verify_public_valid_signature" time="0.465" /><testcase classname="backend.tests.test_cropido_backend.TestRazorpayNoIdLeak" name="test_no_id_in_create_and_status" time="0.377" /></testsuite></testsuites>